<?xml version="1.0" encoding="UTF-8"?>
<testng-results ignored="0" total="2" passed="1" failed="1" skipped="0">
  <reporter-output>
  </reporter-output>
  <suite started-at="2024-06-21T17:29:20 IST" name="Suite" finished-at="2024-06-21T17:29:35 IST" duration-ms="15317">
    <groups>
    </groups>
    <test started-at="2024-06-21T17:29:20 IST" name="Test" finished-at="2024-06-21T17:29:35 IST" duration-ms="15317">
      <class name="testRunner.SlideTeam_Login_TC_1">
        <test-method is-config="true" signature="initializeDriver()[pri:0, instance:testRunner.SlideTeam_Login_TC_1@13e39c73]" started-at="2024-06-21T17:29:20 IST" name="initializeDriver" finished-at="2024-06-21T17:29:23 IST" duration-ms="2929" status="PASS">
          <reporter-output>
          </reporter-output>
        </test-method> <!-- initializeDriver -->
        <test-method signature="ST_TC_1(java.lang.String,java.lang.String)[pri:0, instance:testRunner.SlideTeam_Login_TC_1@13e39c73]" started-at="2024-06-21T17:29:23 IST" name="ST_TC_1" data-provider="data" finished-at="2024-06-21T17:29:29 IST" duration-ms="6323" status="PASS">
          <params>
            <param index="0">
              <value>
                <![CDATA[testuser27thapril@gmail.com]]>
              </value>
            </param>
            <param index="1">
              <value>
                <![CDATA[123456]]>
              </value>
            </param>
          </params>
          <reporter-output>
          </reporter-output>
        </test-method> <!-- ST_TC_1 -->
        <test-method is-config="true" signature="tearDown()[pri:0, instance:testRunner.SlideTeam_Login_TC_1@13e39c73]" started-at="2024-06-21T17:29:29 IST" name="tearDown" finished-at="2024-06-21T17:29:30 IST" duration-ms="343" status="PASS">
          <reporter-output>
          </reporter-output>
        </test-method> <!-- tearDown -->
        <test-method is-config="true" signature="initializeDriver()[pri:0, instance:testRunner.SlideTeam_Login_TC_1@13e39c73]" started-at="2024-06-21T17:29:30 IST" name="initializeDriver" finished-at="2024-06-21T17:29:32 IST" duration-ms="1813" status="PASS">
          <reporter-output>
          </reporter-output>
        </test-method> <!-- initializeDriver -->
        <test-method signature="ST_TC_1(java.lang.String,java.lang.String)[pri:0, instance:testRunner.SlideTeam_Login_TC_1@13e39c73]" started-at="2024-06-21T17:29:32 IST" name="ST_TC_1" data-provider="data" finished-at="2024-06-21T17:29:35 IST" duration-ms="3618" status="FAIL">
          <params>
            <param index="0">
              <value>
                <![CDATA[testuhhhhser27thapril@gmail.com]]>
              </value>
            </param>
            <param index="1">
              <value>
                <![CDATA[123456]]>
              </value>
            </param>
          </params>
          <exception class="java.lang.AssertionError">
            <message>
              <![CDATA[expected [Pricing] but found [Customer Login]]]>
            </message>
            <full-stacktrace>
              <![CDATA[java.lang.AssertionError: expected [Pricing] but found [Customer Login]
at org.testng.Assert.fail(Assert.java:111)
at org.testng.Assert.failNotEquals(Assert.java:1578)
at org.testng.Assert.assertEqualsImpl(Assert.java:150)
at org.testng.Assert.assertEquals(Assert.java:132)
at org.testng.Assert.assertEquals(Assert.java:656)
at org.testng.Assert.assertEquals(Assert.java:666)
at pageObjects.SlideTeamPricingPageObjects.verifyPricingPageTitle(SlideTeamPricingPageObjects.java:34)
at testRunner.SlideTeam_Login_TC_1.ST_TC_1(SlideTeam_Login_TC_1.java:27)
at java.base/jdk.internal.reflect.NativeMethodAccessorImpl.invoke0(Native Method)
at java.base/jdk.internal.reflect.NativeMethodAccessorImpl.invoke(NativeMethodAccessorImpl.java:77)
at java.base/jdk.internal.reflect.DelegatingMethodAccessorImpl.invoke(DelegatingMethodAccessorImpl.java:43)
at java.base/java.lang.reflect.Method.invoke(Method.java:568)
at org.testng.internal.invokers.MethodInvocationHelper.invokeMethod(MethodInvocationHelper.java:139)
at org.testng.internal.invokers.TestInvoker.invokeMethod(TestInvoker.java:664)
at org.testng.internal.invokers.TestInvoker.invokeTestMethod(TestInvoker.java:227)
at org.testng.internal.invokers.MethodRunner.runInSequence(MethodRunner.java:50)
at org.testng.internal.invokers.TestInvoker$MethodInvocationAgent.invoke(TestInvoker.java:957)
at org.testng.internal.invokers.TestInvoker.invokeTestMethods(TestInvoker.java:200)
at org.testng.internal.invokers.TestMethodWorker.invokeTestMethods(TestMethodWorker.java:148)
at org.testng.internal.invokers.TestMethodWorker.run(TestMethodWorker.java:128)
at java.base/java.util.ArrayList.forEach(ArrayList.java:1511)
at org.testng.TestRunner.privateRun(TestRunner.java:848)
at org.testng.TestRunner.run(TestRunner.java:621)
at org.testng.SuiteRunner.runTest(SuiteRunner.java:443)
at org.testng.SuiteRunner.runSequentially(SuiteRunner.java:437)
at org.testng.SuiteRunner.privateRun(SuiteRunner.java:397)
at org.testng.SuiteRunner.run(SuiteRunner.java:336)
at org.testng.SuiteRunnerWorker.runSuite(SuiteRunnerWorker.java:52)
at org.testng.SuiteRunnerWorker.run(SuiteRunnerWorker.java:95)
at org.testng.TestNG.runSuitesSequentially(TestNG.java:1280)
at org.testng.TestNG.runSuitesLocally(TestNG.java:1200)
at org.testng.TestNG.runSuites(TestNG.java:1114)
at org.testng.TestNG.run(TestNG.java:1082)
at org.apache.maven.surefire.testng.TestNGExecutor.run(TestNGExecutor.java:283)
at org.apache.maven.surefire.testng.TestNGXmlTestSuite.execute(TestNGXmlTestSuite.java:75)
at org.apache.maven.surefire.testng.TestNGProvider.invoke(TestNGProvider.java:120)
at org.apache.maven.surefire.booter.ForkedBooter.invokeProviderInSameClassLoader(ForkedBooter.java:384)
at org.apache.maven.surefire.booter.ForkedBooter.runSuitesInProcess(ForkedBooter.java:345)
at org.apache.maven.surefire.booter.ForkedBooter.execute(ForkedBooter.java:126)
at org.apache.maven.surefire.booter.ForkedBooter.main(ForkedBooter.java:418)
]]>
            </full-stacktrace>
          </exception> <!-- java.lang.AssertionError -->
          <reporter-output>
          </reporter-output>
        </test-method> <!-- ST_TC_1 -->
        <test-method is-config="true" signature="tearDown()[pri:0, instance:testRunner.SlideTeam_Login_TC_1@13e39c73]" started-at="2024-06-21T17:29:35 IST" name="tearDown" finished-at="2024-06-21T17:29:35 IST" duration-ms="218" status="PASS">
          <reporter-output>
          </reporter-output>
        </test-method> <!-- tearDown -->
      </class> <!-- testRunner.SlideTeam_Login_TC_1 -->
    </test> <!-- Test -->
  </suite> <!-- Suite -->
</testng-results>
